{"uid":"6da09cca915b6083","name":"Sign Up Flow - MBB 1 Month","fullName":"tests.test_002#test_mbb_sign_up_flow","historyId":"5127a019c467fe5ce3953125d130e0c2","time":{"start":1764752109128,"stop":1764752140914,"duration":31786},"description":"This test verifies the web sign up flow for MBB 1 month plan","descriptionHtml":"<p>This test verifies the web sign up flow for MBB 1 month plan</p>\n","status":"broken","statusMessage":"selenium.common.exceptions.TimeoutException: Message: \nStacktrace:\n0   chromedriver                        0x00000001013beecc cxxbridge1$str$ptr + 2941512\n1   chromedriver                        0x00000001013b6b88 cxxbridge1$str$ptr + 2907908\n2   chromedriver                        0x0000000100ece2b0 _RNvCsgXDX2mvAJAg_7___rustc35___rust_no_alloc_shim_is_unstable_v2 + 74020\n3   chromedriver                        0x0000000100f1588c _RNvCsgXDX2mvAJAg_7___rustc35___rust_no_alloc_shim_is_unstable_v2 + 366336\n4   chromedriver                        0x0000000100f56d54 _RNvCsgXDX2mvAJAg_7___rustc35___rust_no_alloc_shim_is_unstable_v2 + 633800\n5   chromedriver                        0x0000000100f09ef0 _RNvCsgXDX2mvAJAg_7___rustc35___rust_no_alloc_shim_is_unstable_v2 + 318820\n6   chromedriver                        0x00000001013820c8 cxxbridge1$str$ptr + 2692164\n7   chromedriver                        0x00000001013858dc cxxbridge1$str$ptr + 2706520\n8   chromedriver                        0x000000010136284c cxxbridge1$str$ptr + 2563016\n9   chromedriver                        0x00000001013861b4 cxxbridge1$str$ptr + 2708784\n10  chromedriver                        0x00000001013540f4 cxxbridge1$str$ptr + 2503792\n11  chromedriver                        0x00000001013a5498 cxxbridge1$str$ptr + 2836500\n12  chromedriver                        0x00000001013a561c cxxbridge1$str$ptr + 2836888\n13  chromedriver                        0x00000001013b67d8 cxxbridge1$str$ptr + 2906964\n14  libsystem_pthread.dylib             0x0000000195b3ac0c _pthread_start + 136\n15  libsystem_pthread.dylib             0x0000000195b35b80 thread_start + 8","statusTrace":"driver = <selenium.webdriver.chrome.webdriver.WebDriver (session=\"782b4e72ab3af23c696869d7a09f0673\")>\n\n    @allure.title(\"Sign Up Flow - MBB 1 Month\")\n    @allure.description(\"This test verifies the web sign up flow for MBB 1 month plan\")\n    def test_mbb_sign_up_flow(driver):\n        driver.get(\"https://www.virginmobile.ae\")\n        home_page = HomePage(driver)\n        home_page.verify_page_load()\n        service_type_page = home_page.click_join_us()\n        service_type_page.verify_service_type_page_load()\n        coverage_check_page = service_type_page.click_mbb_plan_btn()\n        coverage_check_page.verify_coverage_check_page()\n>       mbb_residency_check_page = coverage_check_page.enter_address()\n\ntests/test_002.py:14: \n_ _ _ _ _ _ _ _ _ _ _ _ _ _ _ _ _ _ _ _ _ _ _ _ _ _ _ _ _ _ _ _ _ _ _ _ _ _ _ _ _ _ \npages/coverage_check_page.py:33: in enter_address\n    btn = self.find(self.CHECK_COVERAGE_BTN)\npages/base_page.py:10: in find\n    return self.wait.until(EC.visibility_of_element_located(locator))\n_ _ _ _ _ _ _ _ _ _ _ _ _ _ _ _ _ _ _ _ _ _ _ _ _ _ _ _ _ _ _ _ _ _ _ _ _ _ _ _ _ _ \n\nself = <selenium.webdriver.support.wait.WebDriverWait (session=\"782b4e72ab3af23c696869d7a09f0673\")>\nmethod = <function visibility_of_element_located.<locals>._predicate at 0x1048a2340>\nmessage = ''\n\n    def until(self, method, message: str = \"\"):\n        \"\"\"Calls the method provided with the driver as an argument until the \\\n        return value does not evaluate to ``False``.\n    \n        :param method: callable(WebDriver)\n        :param message: optional message for :exc:`TimeoutException`\n        :returns: the result of the last call to `method`\n        :raises: :exc:`selenium.common.exceptions.TimeoutException` if timeout occurs\n        \"\"\"\n        screen = None\n        stacktrace = None\n    \n        end_time = time.monotonic() + self._timeout\n        while True:\n            try:\n                value = method(self._driver)\n                if value:\n                    return value\n            except self._ignored_exceptions as exc:\n                screen = getattr(exc, 'screen', None)\n                stacktrace = getattr(exc, 'stacktrace', None)\n            time.sleep(self._poll)\n            if time.monotonic() > end_time:\n                break\n>       raise TimeoutException(message, screen, stacktrace)\nE       selenium.common.exceptions.TimeoutException: Message: \nE       Stacktrace:\nE       0   chromedriver                        0x00000001013beecc cxxbridge1$str$ptr + 2941512\nE       1   chromedriver                        0x00000001013b6b88 cxxbridge1$str$ptr + 2907908\nE       2   chromedriver                        0x0000000100ece2b0 _RNvCsgXDX2mvAJAg_7___rustc35___rust_no_alloc_shim_is_unstable_v2 + 74020\nE       3   chromedriver                        0x0000000100f1588c _RNvCsgXDX2mvAJAg_7___rustc35___rust_no_alloc_shim_is_unstable_v2 + 366336\nE       4   chromedriver                        0x0000000100f56d54 _RNvCsgXDX2mvAJAg_7___rustc35___rust_no_alloc_shim_is_unstable_v2 + 633800\nE       5   chromedriver                        0x0000000100f09ef0 _RNvCsgXDX2mvAJAg_7___rustc35___rust_no_alloc_shim_is_unstable_v2 + 318820\nE       6   chromedriver                        0x00000001013820c8 cxxbridge1$str$ptr + 2692164\nE       7   chromedriver                        0x00000001013858dc cxxbridge1$str$ptr + 2706520\nE       8   chromedriver                        0x000000010136284c cxxbridge1$str$ptr + 2563016\nE       9   chromedriver                        0x00000001013861b4 cxxbridge1$str$ptr + 2708784\nE       10  chromedriver                        0x00000001013540f4 cxxbridge1$str$ptr + 2503792\nE       11  chromedriver                        0x00000001013a5498 cxxbridge1$str$ptr + 2836500\nE       12  chromedriver                        0x00000001013a561c cxxbridge1$str$ptr + 2836888\nE       13  chromedriver                        0x00000001013b67d8 cxxbridge1$str$ptr + 2906964\nE       14  libsystem_pthread.dylib             0x0000000195b3ac0c _pthread_start + 136\nE       15  libsystem_pthread.dylib             0x0000000195b35b80 thread_start + 8\n\n/opt/homebrew/lib/python3.11/site-packages/selenium/webdriver/support/wait.py:90: TimeoutException","flaky":false,"newFailed":false,"newBroken":false,"newPassed":false,"retriesCount":0,"retriesStatusChange":false,"beforeStages":[{"name":"driver","time":{"start":1764752107013,"stop":1764752109125,"duration":2112},"status":"passed","steps":[],"attachments":[],"parameters":[],"stepsCount":0,"shouldDisplayMessage":false,"attachmentsCount":0,"hasContent":false,"attachmentStep":false}],"testStage":{"description":"This test verifies the web sign up flow for MBB 1 month plan","status":"broken","statusMessage":"selenium.common.exceptions.TimeoutException: Message: \nStacktrace:\n0   chromedriver                        0x00000001013beecc cxxbridge1$str$ptr + 2941512\n1   chromedriver                        0x00000001013b6b88 cxxbridge1$str$ptr + 2907908\n2   chromedriver                        0x0000000100ece2b0 _RNvCsgXDX2mvAJAg_7___rustc35___rust_no_alloc_shim_is_unstable_v2 + 74020\n3   chromedriver                        0x0000000100f1588c _RNvCsgXDX2mvAJAg_7___rustc35___rust_no_alloc_shim_is_unstable_v2 + 366336\n4   chromedriver                        0x0000000100f56d54 _RNvCsgXDX2mvAJAg_7___rustc35___rust_no_alloc_shim_is_unstable_v2 + 633800\n5   chromedriver                        0x0000000100f09ef0 _RNvCsgXDX2mvAJAg_7___rustc35___rust_no_alloc_shim_is_unstable_v2 + 318820\n6   chromedriver                        0x00000001013820c8 cxxbridge1$str$ptr + 2692164\n7   chromedriver                        0x00000001013858dc cxxbridge1$str$ptr + 2706520\n8   chromedriver                        0x000000010136284c cxxbridge1$str$ptr + 2563016\n9   chromedriver                        0x00000001013861b4 cxxbridge1$str$ptr + 2708784\n10  chromedriver                        0x00000001013540f4 cxxbridge1$str$ptr + 2503792\n11  chromedriver                        0x00000001013a5498 cxxbridge1$str$ptr + 2836500\n12  chromedriver                        0x00000001013a561c cxxbridge1$str$ptr + 2836888\n13  chromedriver                        0x00000001013b67d8 cxxbridge1$str$ptr + 2906964\n14  libsystem_pthread.dylib             0x0000000195b3ac0c _pthread_start + 136\n15  libsystem_pthread.dylib             0x0000000195b35b80 thread_start + 8","statusTrace":"driver = <selenium.webdriver.chrome.webdriver.WebDriver (session=\"782b4e72ab3af23c696869d7a09f0673\")>\n\n    @allure.title(\"Sign Up Flow - MBB 1 Month\")\n    @allure.description(\"This test verifies the web sign up flow for MBB 1 month plan\")\n    def test_mbb_sign_up_flow(driver):\n        driver.get(\"https://www.virginmobile.ae\")\n        home_page = HomePage(driver)\n        home_page.verify_page_load()\n        service_type_page = home_page.click_join_us()\n        service_type_page.verify_service_type_page_load()\n        coverage_check_page = service_type_page.click_mbb_plan_btn()\n        coverage_check_page.verify_coverage_check_page()\n>       mbb_residency_check_page = coverage_check_page.enter_address()\n\ntests/test_002.py:14: \n_ _ _ _ _ _ _ _ _ _ _ _ _ _ _ _ _ _ _ _ _ _ _ _ _ _ _ _ _ _ _ _ _ _ _ _ _ _ _ _ _ _ \npages/coverage_check_page.py:33: in enter_address\n    btn = self.find(self.CHECK_COVERAGE_BTN)\npages/base_page.py:10: in find\n    return self.wait.until(EC.visibility_of_element_located(locator))\n_ _ _ _ _ _ _ _ _ _ _ _ _ _ _ _ _ _ _ _ _ _ _ _ _ _ _ _ _ _ _ _ _ _ _ _ _ _ _ _ _ _ \n\nself = <selenium.webdriver.support.wait.WebDriverWait (session=\"782b4e72ab3af23c696869d7a09f0673\")>\nmethod = <function visibility_of_element_located.<locals>._predicate at 0x1048a2340>\nmessage = ''\n\n    def until(self, method, message: str = \"\"):\n        \"\"\"Calls the method provided with the driver as an argument until the \\\n        return value does not evaluate to ``False``.\n    \n        :param method: callable(WebDriver)\n        :param message: optional message for :exc:`TimeoutException`\n        :returns: the result of the last call to `method`\n        :raises: :exc:`selenium.common.exceptions.TimeoutException` if timeout occurs\n        \"\"\"\n        screen = None\n        stacktrace = None\n    \n        end_time = time.monotonic() + self._timeout\n        while True:\n            try:\n                value = method(self._driver)\n                if value:\n                    return value\n            except self._ignored_exceptions as exc:\n                screen = getattr(exc, 'screen', None)\n                stacktrace = getattr(exc, 'stacktrace', None)\n            time.sleep(self._poll)\n            if time.monotonic() > end_time:\n                break\n>       raise TimeoutException(message, screen, stacktrace)\nE       selenium.common.exceptions.TimeoutException: Message: \nE       Stacktrace:\nE       0   chromedriver                        0x00000001013beecc cxxbridge1$str$ptr + 2941512\nE       1   chromedriver                        0x00000001013b6b88 cxxbridge1$str$ptr + 2907908\nE       2   chromedriver                        0x0000000100ece2b0 _RNvCsgXDX2mvAJAg_7___rustc35___rust_no_alloc_shim_is_unstable_v2 + 74020\nE       3   chromedriver                        0x0000000100f1588c _RNvCsgXDX2mvAJAg_7___rustc35___rust_no_alloc_shim_is_unstable_v2 + 366336\nE       4   chromedriver                        0x0000000100f56d54 _RNvCsgXDX2mvAJAg_7___rustc35___rust_no_alloc_shim_is_unstable_v2 + 633800\nE       5   chromedriver                        0x0000000100f09ef0 _RNvCsgXDX2mvAJAg_7___rustc35___rust_no_alloc_shim_is_unstable_v2 + 318820\nE       6   chromedriver                        0x00000001013820c8 cxxbridge1$str$ptr + 2692164\nE       7   chromedriver                        0x00000001013858dc cxxbridge1$str$ptr + 2706520\nE       8   chromedriver                        0x000000010136284c cxxbridge1$str$ptr + 2563016\nE       9   chromedriver                        0x00000001013861b4 cxxbridge1$str$ptr + 2708784\nE       10  chromedriver                        0x00000001013540f4 cxxbridge1$str$ptr + 2503792\nE       11  chromedriver                        0x00000001013a5498 cxxbridge1$str$ptr + 2836500\nE       12  chromedriver                        0x00000001013a561c cxxbridge1$str$ptr + 2836888\nE       13  chromedriver                        0x00000001013b67d8 cxxbridge1$str$ptr + 2906964\nE       14  libsystem_pthread.dylib             0x0000000195b3ac0c _pthread_start + 136\nE       15  libsystem_pthread.dylib             0x0000000195b35b80 thread_start + 8\n\n/opt/homebrew/lib/python3.11/site-packages/selenium/webdriver/support/wait.py:90: TimeoutException","steps":[{"name":"Verify that the homepage loaded correctly","time":{"start":1764752113114,"stop":1764752113145,"duration":31},"status":"passed","steps":[],"attachments":[],"parameters":[],"stepsCount":0,"shouldDisplayMessage":false,"attachmentsCount":0,"hasContent":false,"attachmentStep":false},{"name":"Click join us on the homepage","time":{"start":1764752113145,"stop":1764752115426,"duration":2281},"status":"passed","steps":[],"attachments":[],"parameters":[],"stepsCount":0,"shouldDisplayMessage":false,"attachmentsCount":0,"hasContent":false,"attachmentStep":false},{"name":"Verify that the service type page has loaded correctly","time":{"start":1764752115426,"stop":1764752115461,"duration":35},"status":"passed","steps":[],"attachments":[],"parameters":[],"stepsCount":0,"shouldDisplayMessage":false,"attachmentsCount":0,"hasContent":false,"attachmentStep":false},{"name":"Select MBB plan in the sign up flow","time":{"start":1764752115461,"stop":1764752118474,"duration":3013},"status":"passed","steps":[],"attachments":[],"parameters":[],"stepsCount":0,"shouldDisplayMessage":false,"attachmentsCount":0,"hasContent":false,"attachmentStep":false},{"name":"Verify page header, search bar and map","time":{"start":1764752118475,"stop":1764752120591,"duration":2116},"status":"passed","steps":[],"attachments":[],"parameters":[],"stepsCount":0,"shouldDisplayMessage":false,"attachmentsCount":0,"hasContent":false,"attachmentStep":false},{"name":"Enter address, confirm coverage and continue","time":{"start":1764752120591,"stop":1764752140906,"duration":20315},"status":"broken","statusMessage":"selenium.common.exceptions.TimeoutException: Message: \nStacktrace:\n0   chromedriver                        0x00000001013beecc cxxbridge1$str$ptr + 2941512\n1   chromedriver                        0x00000001013b6b88 cxxbridge1$str$ptr + 2907908\n2   chromedriver                        0x0000000100ece2b0 _RNvCsgXDX2mvAJAg_7___rustc35___rust_no_alloc_shim_is_unstable_v2 + 74020\n3   chromedriver                        0x0000000100f1588c _RNvCsgXDX2mvAJAg_7___rustc35___rust_no_alloc_shim_is_unstable_v2 + 366336\n4   chromedriver                        0x0000000100f56d54 _RNvCsgXDX2mvAJAg_7___rustc35___rust_no_alloc_shim_is_unstable_v2 + 633800\n5   chromedriver                        0x0000000100f09ef0 _RNvCsgXDX2mvAJAg_7___rustc35___rust_no_alloc_shim_is_unstable_v2 + 318820\n6   chromedriver                        0x00000001013820c8 cxxbridge1$str$ptr + 2692164\n7   chromedriver                        0x00000001013858dc cxxbridge1$str$ptr + 2706520\n8   chromedriver                        0x000000010136284c cxxbridge1$str$ptr + 2563016\n9   chromedriver                        0x00000001013861b4 cxxbridge1$str$ptr + 2708784\n10  chromedriver                        0x00000001013540f4 cxxbridge1$str$ptr + 2503792\n11  chromedriver                        0x00000001013a5498 cxxbridge1$str$ptr + 2836500\n12  chromedriver                        0x00000001013a561c cxxbridge1$str$ptr + 2836888\n13  chromedriver                        0x00000001013b67d8 cxxbridge1$str$ptr + 2906964\n14  libsystem_pthread.dylib             0x0000000195b3ac0c _pthread_start + 136\n15  libsystem_pthread.dylib             0x0000000195b35b80 thread_start + 8\n\n","statusTrace":"  File \"/opt/homebrew/lib/python3.11/site-packages/allure_commons/_allure.py\", line 202, in impl\n    return func(*a, **kw)\n           ^^^^^^^^^^^^^^\n  File \"/Users/muhammadkhan/Desktop/Web Automation/pages/coverage_check_page.py\", line 33, in enter_address\n    btn = self.find(self.CHECK_COVERAGE_BTN)\n          ^^^^^^^^^^^^^^^^^^^^^^^^^^^^^^^^^^\n  File \"/Users/muhammadkhan/Desktop/Web Automation/pages/base_page.py\", line 10, in find\n    return self.wait.until(EC.visibility_of_element_located(locator))\n           ^^^^^^^^^^^^^^^^^^^^^^^^^^^^^^^^^^^^^^^^^^^^^^^^^^^^^^^^^^\n  File \"/opt/homebrew/lib/python3.11/site-packages/selenium/webdriver/support/wait.py\", line 90, in until\n    raise TimeoutException(message, screen, stacktrace)\n","steps":[],"attachments":[],"parameters":[],"stepsCount":0,"shouldDisplayMessage":true,"attachmentsCount":0,"hasContent":true,"attachmentStep":false}],"attachments":[],"parameters":[],"stepsCount":6,"shouldDisplayMessage":true,"attachmentsCount":0,"hasContent":true,"attachmentStep":false},"afterStages":[{"name":"driver::0","time":{"start":1764752140955,"stop":1764752141423,"duration":468},"status":"passed","steps":[],"attachments":[{"uid":"b640646fecc30753","name":"failure_screenshot","source":"b640646fecc30753.png","type":"image/png","size":641628}],"parameters":[],"stepsCount":0,"shouldDisplayMessage":false,"attachmentsCount":1,"hasContent":true,"attachmentStep":false}],"labels":[{"name":"parentSuite","value":"tests"},{"name":"suite","value":"test_002"},{"name":"host","value":"Muhammads-MacBook-Air.local"},{"name":"thread","value":"52235-MainThread"},{"name":"framework","value":"pytest"},{"name":"language","value":"cpython3"},{"name":"package","value":"tests.test_002"},{"name":"resultFormat","value":"allure2"}],"parameters":[],"links":[],"hidden":true,"retry":true,"extra":{"categories":[],"tags":[]},"source":"6da09cca915b6083.json","parameterValues":[]}